<?xml version="1.0" encoding="UTF-8"?>
<testng-results skipped="0" failed="0" ignored="0" total="1" passed="1">
  <reporter-output>
  </reporter-output>
  <suite name="regression" duration-ms="8201" started-at="2021-05-29T16:29:13Z" finished-at="2021-05-29T16:29:21Z">
    <groups>
    </groups>
    <test name="LoginTest" duration-ms="8201" started-at="2021-05-29T16:29:13Z" finished-at="2021-05-29T16:29:21Z">
      <class name="test.LoginTest">
        <test-method status="PASS" signature="validUserShouldBeAbleToLogin(java.lang.String, java.lang.String)[pri:0, instance:test.LoginTest@457e2f02]" name="validUserShouldBeAbleToLogin" duration-ms="8168" started-at="2021-05-29T16:29:13Z" finished-at="2021-05-29T16:29:21Z">
          <params>
            <param index="0">
              <value>
                <![CDATA[demo@techfios.com]]>
              </value>
            </param>
            <param index="1">
              <value>
                <![CDATA[abc123]]>
              </value>
            </param>
          </params>
          <reporter-output>
          </reporter-output>
        </test-method> <!-- validUserShouldBeAbleToLogin -->
      </class> <!-- test.LoginTest -->
    </test> <!-- LoginTest -->
  </suite> <!-- regression -->
</testng-results>
